Determining size of __int64 failed with the following output:
Change Dir: /home/ed/Coin3D/official/coin_build/CMakeFiles/CMakeTmp

Run Build Command:"/usr/bin/make" "cmTryCompileExec3271036228/fast"
/usr/bin/make -f CMakeFiles/cmTryCompileExec3271036228.dir/build.make CMakeFiles/cmTryCompileExec3271036228.dir/build
make[1]: Entering directory '/home/ed/Coin3D/official/coin_build/CMakeFiles/CMakeTmp'
/usr/local/bin/cmake -E cmake_progress_report /home/ed/Coin3D/official/coin_build/CMakeFiles/CMakeTmp/CMakeFiles 1
Building C object CMakeFiles/cmTryCompileExec3271036228.dir/__INT64.c.o
/usr/bin/cc    -o CMakeFiles/cmTryCompileExec3271036228.dir/__INT64.c.o   -c /home/ed/Coin3D/official/coin_build/CMakeFiles/CheckTypeSize/__INT64.c
/home/ed/Coin3D/official/coin_build/CMakeFiles/CheckTypeSize/__INT64.c:17:22: error: ‘__int64’ undeclared here (not in a function)
 #define SIZE (sizeof(__int64))
                      ^
/home/ed/Coin3D/official/coin_build/CMakeFiles/CheckTypeSize/__INT64.c:19:12: note: in expansion of macro ‘SIZE’
   ('0' + ((SIZE / 10000)%10)),
            ^~~~
CMakeFiles/cmTryCompileExec3271036228.dir/build.make:57: recipe for target 'CMakeFiles/cmTryCompileExec3271036228.dir/__INT64.c.o' failed
make[1]: Leaving directory '/home/ed/Coin3D/official/coin_build/CMakeFiles/CMakeTmp'
make[1]: *** [CMakeFiles/cmTryCompileExec3271036228.dir/__INT64.c.o] Error 1
Makefile:117: recipe for target 'cmTryCompileExec3271036228/fast' failed
make: *** [cmTryCompileExec3271036228/fast] Error 2

/home/ed/Coin3D/official/coin_build/CMakeFiles/CheckTypeSize/__INT64.c:
#include <sys/types.h>
#include <stdint.h>
#include <stddef.h>


#undef KEY
#if defined(__i386)
# define KEY '_','_','i','3','8','6'
#elif defined(__x86_64)
# define KEY '_','_','x','8','6','_','6','4'
#elif defined(__ppc__)
# define KEY '_','_','p','p','c','_','_'
#elif defined(__ppc64__)
# define KEY '_','_','p','p','c','6','4','_','_'
#endif

#define SIZE (sizeof(__int64))
char info_size[] =  {'I', 'N', 'F', 'O', ':', 's','i','z','e','[',
  ('0' + ((SIZE / 10000)%10)),
  ('0' + ((SIZE / 1000)%10)),
  ('0' + ((SIZE / 100)%10)),
  ('0' + ((SIZE / 10)%10)),
  ('0' +  (SIZE    % 10)),
  ']',
#ifdef KEY
  ' ','k','e','y','[', KEY, ']',
#endif
  '\0'};

#ifdef __CLASSIC_C__
int main(argc, argv) int argc; char *argv[];
#else
int main(int argc, char *argv[])
#endif
{
  int require = 0;
  require += info_size[argc];
  (void)argv;
  return require;
}


Determining size of unsigned __int64 failed with the following output:
Change Dir: /home/ed/Coin3D/official/coin_build/CMakeFiles/CMakeTmp

Run Build Command:"/usr/bin/make" "cmTryCompileExec377166863/fast"
/usr/bin/make -f CMakeFiles/cmTryCompileExec377166863.dir/build.make CMakeFiles/cmTryCompileExec377166863.dir/build
make[1]: Entering directory '/home/ed/Coin3D/official/coin_build/CMakeFiles/CMakeTmp'
/usr/local/bin/cmake -E cmake_progress_report /home/ed/Coin3D/official/coin_build/CMakeFiles/CMakeTmp/CMakeFiles 1
Building C object CMakeFiles/cmTryCompileExec377166863.dir/UNSIGNED___INT64.c.o
/usr/bin/cc    -o CMakeFiles/cmTryCompileExec377166863.dir/UNSIGNED___INT64.c.o   -c /home/ed/Coin3D/official/coin_build/CMakeFiles/CheckTypeSize/UNSIGNED___INT64.c
/home/ed/Coin3D/official/coin_build/CMakeFiles/CheckTypeSize/UNSIGNED___INT64.c:17:31: error: expected ‘)’ before ‘__int64’
 #define SIZE (sizeof(unsigned __int64))
                               ^
/home/ed/Coin3D/official/coin_build/CMakeFiles/CheckTypeSize/UNSIGNED___INT64.c:19:12: note: in expansion of macro ‘SIZE’
   ('0' + ((SIZE / 10000)%10)),
            ^~~~
/home/ed/Coin3D/official/coin_build/CMakeFiles/CheckTypeSize/UNSIGNED___INT64.c:17:31: error: expected ‘)’ before ‘__int64’
 #define SIZE (sizeof(unsigned __int64))
                               ^
/home/ed/Coin3D/official/coin_build/CMakeFiles/CheckTypeSize/UNSIGNED___INT64.c:20:12: note: in expansion of macro ‘SIZE’
   ('0' + ((SIZE / 1000)%10)),
            ^~~~
/home/ed/Coin3D/official/coin_build/CMakeFiles/CheckTypeSize/UNSIGNED___INT64.c:17:31: error: expected ‘)’ before ‘__int64’
 #define SIZE (sizeof(unsigned __int64))
                               ^
/home/ed/Coin3D/official/coin_build/CMakeFiles/CheckTypeSize/UNSIGNED___INT64.c:21:12: note: in expansion of macro ‘SIZE’
   ('0' + ((SIZE / 100)%10)),
            ^~~~
/home/ed/Coin3D/official/coin_build/CMakeFiles/CheckTypeSize/UNSIGNED___INT64.c:17:31: error: expected ‘)’ before ‘__int64’
 #define SIZE (sizeof(unsigned __int64))
                               ^
/home/ed/Coin3D/official/coin_build/CMakeFiles/CheckTypeSize/UNSIGNED___INT64.c:22:12: note: in expansion of macro ‘SIZE’
   ('0' + ((SIZE / 10)%10)),
            ^~~~
/home/ed/Coin3D/official/coin_build/CMakeFiles/CheckTypeSize/UNSIGNED___INT64.c:17:31: error: expected ‘)’ before ‘__int64’
 #define SIZE (sizeof(unsigned __int64))
                               ^
/home/ed/Coin3D/official/coin_build/CMakeFiles/CheckTypeSize/UNSIGNED___INT64.c:23:12: note: in expansion of macro ‘SIZE’
   ('0' +  (SIZE    % 10)),
            ^~~~
CMakeFiles/cmTryCompileExec377166863.dir/build.make:57: recipe for target 'CMakeFiles/cmTryCompileExec377166863.dir/UNSIGNED___INT64.c.o' failed
make[1]: Leaving directory '/home/ed/Coin3D/official/coin_build/CMakeFiles/CMakeTmp'
make[1]: *** [CMakeFiles/cmTryCompileExec377166863.dir/UNSIGNED___INT64.c.o] Error 1
Makefile:117: recipe for target 'cmTryCompileExec377166863/fast' failed
make: *** [cmTryCompileExec377166863/fast] Error 2

/home/ed/Coin3D/official/coin_build/CMakeFiles/CheckTypeSize/UNSIGNED___INT64.c:
#include <sys/types.h>
#include <stdint.h>
#include <stddef.h>


#undef KEY
#if defined(__i386)
# define KEY '_','_','i','3','8','6'
#elif defined(__x86_64)
# define KEY '_','_','x','8','6','_','6','4'
#elif defined(__ppc__)
# define KEY '_','_','p','p','c','_','_'
#elif defined(__ppc64__)
# define KEY '_','_','p','p','c','6','4','_','_'
#endif

#define SIZE (sizeof(unsigned __int64))
char info_size[] =  {'I', 'N', 'F', 'O', ':', 's','i','z','e','[',
  ('0' + ((SIZE / 10000)%10)),
  ('0' + ((SIZE / 1000)%10)),
  ('0' + ((SIZE / 100)%10)),
  ('0' + ((SIZE / 10)%10)),
  ('0' +  (SIZE    % 10)),
  ']',
#ifdef KEY
  ' ','k','e','y','[', KEY, ']',
#endif
  '\0'};

#ifdef __CLASSIC_C__
int main(argc, argv) int argc; char *argv[];
#else
int main(int argc, char *argv[])
#endif
{
  int require = 0;
  require += info_size[argc];
  (void)argv;
  return require;
}


Determining if the include file io.h exists failed with the following output:
Change Dir: /home/ed/Coin3D/official/coin_build/CMakeFiles/CMakeTmp

Run Build Command:"/usr/bin/make" "cmTryCompileExec2005202721/fast"
/usr/bin/make -f CMakeFiles/cmTryCompileExec2005202721.dir/build.make CMakeFiles/cmTryCompileExec2005202721.dir/build
make[1]: Entering directory '/home/ed/Coin3D/official/coin_build/CMakeFiles/CMakeTmp'
/usr/local/bin/cmake -E cmake_progress_report /home/ed/Coin3D/official/coin_build/CMakeFiles/CMakeTmp/CMakeFiles 1
Building C object CMakeFiles/cmTryCompileExec2005202721.dir/CheckIncludeFile.c.o
/usr/bin/cc    -o CMakeFiles/cmTryCompileExec2005202721.dir/CheckIncludeFile.c.o   -c /home/ed/Coin3D/official/coin_build/CMakeFiles/CMakeTmp/CheckIncludeFile.c
/home/ed/Coin3D/official/coin_build/CMakeFiles/CMakeTmp/CheckIncludeFile.c:1:16: fatal error: io.h: No such file or directory
 #include <io.h>
                ^
compilation terminated.
CMakeFiles/cmTryCompileExec2005202721.dir/build.make:57: recipe for target 'CMakeFiles/cmTryCompileExec2005202721.dir/CheckIncludeFile.c.o' failed
make[1]: *** [CMakeFiles/cmTryCompileExec2005202721.dir/CheckIncludeFile.c.o] Error 1
make[1]: Leaving directory '/home/ed/Coin3D/official/coin_build/CMakeFiles/CMakeTmp'
Makefile:117: recipe for target 'cmTryCompileExec2005202721/fast' failed
make: *** [cmTryCompileExec2005202721/fast] Error 2


Determining if the include file OpenGL/gl.h exists failed with the following output:
Change Dir: /home/ed/Coin3D/official/coin_build/CMakeFiles/CMakeTmp

Run Build Command:"/usr/bin/make" "cmTryCompileExec622529371/fast"
/usr/bin/make -f CMakeFiles/cmTryCompileExec622529371.dir/build.make CMakeFiles/cmTryCompileExec622529371.dir/build
make[1]: Entering directory '/home/ed/Coin3D/official/coin_build/CMakeFiles/CMakeTmp'
/usr/local/bin/cmake -E cmake_progress_report /home/ed/Coin3D/official/coin_build/CMakeFiles/CMakeTmp/CMakeFiles 1
Building C object CMakeFiles/cmTryCompileExec622529371.dir/CheckIncludeFile.c.o
/usr/bin/cc    -o CMakeFiles/cmTryCompileExec622529371.dir/CheckIncludeFile.c.o   -c /home/ed/Coin3D/official/coin_build/CMakeFiles/CMakeTmp/CheckIncludeFile.c
/home/ed/Coin3D/official/coin_build/CMakeFiles/CMakeTmp/CheckIncludeFile.c:1:23: fatal error: OpenGL/gl.h: No such file or directory
 #include <OpenGL/gl.h>
                       ^
compilation terminated.
CMakeFiles/cmTryCompileExec622529371.dir/build.make:57: recipe for target 'CMakeFiles/cmTryCompileExec622529371.dir/CheckIncludeFile.c.o' failed
make[1]: Leaving directory '/home/ed/Coin3D/official/coin_build/CMakeFiles/CMakeTmp'
make[1]: *** [CMakeFiles/cmTryCompileExec622529371.dir/CheckIncludeFile.c.o] Error 1
Makefile:117: recipe for target 'cmTryCompileExec622529371/fast' failed
make: *** [cmTryCompileExec622529371/fast] Error 2


Determining if the include file OpenGL/CGLCurrent.h exists failed with the following output:
Change Dir: /home/ed/Coin3D/official/coin_build/CMakeFiles/CMakeTmp

Run Build Command:"/usr/bin/make" "cmTryCompileExec2321388818/fast"
/usr/bin/make -f CMakeFiles/cmTryCompileExec2321388818.dir/build.make CMakeFiles/cmTryCompileExec2321388818.dir/build
make[1]: Entering directory '/home/ed/Coin3D/official/coin_build/CMakeFiles/CMakeTmp'
/usr/local/bin/cmake -E cmake_progress_report /home/ed/Coin3D/official/coin_build/CMakeFiles/CMakeTmp/CMakeFiles 1
Building C object CMakeFiles/cmTryCompileExec2321388818.dir/CheckIncludeFile.c.o
/usr/bin/cc    -o CMakeFiles/cmTryCompileExec2321388818.dir/CheckIncludeFile.c.o   -c /home/ed/Coin3D/official/coin_build/CMakeFiles/CMakeTmp/CheckIncludeFile.c
/home/ed/Coin3D/official/coin_build/CMakeFiles/CMakeTmp/CheckIncludeFile.c:1:31: fatal error: OpenGL/CGLCurrent.h: No such file or directory
 #include <OpenGL/CGLCurrent.h>
                               ^
compilation terminated.
CMakeFiles/cmTryCompileExec2321388818.dir/build.make:57: recipe for target 'CMakeFiles/cmTryCompileExec2321388818.dir/CheckIncludeFile.c.o' failed
make[1]: Leaving directory '/home/ed/Coin3D/official/coin_build/CMakeFiles/CMakeTmp'
make[1]: *** [CMakeFiles/cmTryCompileExec2321388818.dir/CheckIncludeFile.c.o] Error 1
Makefile:117: recipe for target 'cmTryCompileExec2321388818/fast' failed
make: *** [cmTryCompileExec2321388818/fast] Error 2


Determining if the include file OpenGL/glext.h exists failed with the following output:
Change Dir: /home/ed/Coin3D/official/coin_build/CMakeFiles/CMakeTmp

Run Build Command:"/usr/bin/make" "cmTryCompileExec3837965285/fast"
/usr/bin/make -f CMakeFiles/cmTryCompileExec3837965285.dir/build.make CMakeFiles/cmTryCompileExec3837965285.dir/build
make[1]: Entering directory '/home/ed/Coin3D/official/coin_build/CMakeFiles/CMakeTmp'
/usr/local/bin/cmake -E cmake_progress_report /home/ed/Coin3D/official/coin_build/CMakeFiles/CMakeTmp/CMakeFiles 1
Building C object CMakeFiles/cmTryCompileExec3837965285.dir/CheckIncludeFile.c.o
/usr/bin/cc    -o CMakeFiles/cmTryCompileExec3837965285.dir/CheckIncludeFile.c.o   -c /home/ed/Coin3D/official/coin_build/CMakeFiles/CMakeTmp/CheckIncludeFile.c
/home/ed/Coin3D/official/coin_build/CMakeFiles/CMakeTmp/CheckIncludeFile.c:1:26: fatal error: OpenGL/glext.h: No such file or directory
 #include <OpenGL/glext.h>
                          ^
compilation terminated.
CMakeFiles/cmTryCompileExec3837965285.dir/build.make:57: recipe for target 'CMakeFiles/cmTryCompileExec3837965285.dir/CheckIncludeFile.c.o' failed
make[1]: Leaving directory '/home/ed/Coin3D/official/coin_build/CMakeFiles/CMakeTmp'
make[1]: *** [CMakeFiles/cmTryCompileExec3837965285.dir/CheckIncludeFile.c.o] Error 1
Makefile:117: recipe for target 'cmTryCompileExec3837965285/fast' failed
make: *** [cmTryCompileExec3837965285/fast] Error 2


Determining if the include file OpenGL/glu.h exists failed with the following output:
Change Dir: /home/ed/Coin3D/official/coin_build/CMakeFiles/CMakeTmp

Run Build Command:"/usr/bin/make" "cmTryCompileExec3483693168/fast"
/usr/bin/make -f CMakeFiles/cmTryCompileExec3483693168.dir/build.make CMakeFiles/cmTryCompileExec3483693168.dir/build
make[1]: Entering directory '/home/ed/Coin3D/official/coin_build/CMakeFiles/CMakeTmp'
/usr/local/bin/cmake -E cmake_progress_report /home/ed/Coin3D/official/coin_build/CMakeFiles/CMakeTmp/CMakeFiles 1
Building C object CMakeFiles/cmTryCompileExec3483693168.dir/CheckIncludeFile.c.o
/usr/bin/cc    -o CMakeFiles/cmTryCompileExec3483693168.dir/CheckIncludeFile.c.o   -c /home/ed/Coin3D/official/coin_build/CMakeFiles/CMakeTmp/CheckIncludeFile.c
/home/ed/Coin3D/official/coin_build/CMakeFiles/CMakeTmp/CheckIncludeFile.c:1:24: fatal error: OpenGL/glu.h: No such file or directory
 #include <OpenGL/glu.h>
                        ^
compilation terminated.
CMakeFiles/cmTryCompileExec3483693168.dir/build.make:57: recipe for target 'CMakeFiles/cmTryCompileExec3483693168.dir/CheckIncludeFile.c.o' failed
make[1]: *** [CMakeFiles/cmTryCompileExec3483693168.dir/CheckIncludeFile.c.o] Error 1
make[1]: Leaving directory '/home/ed/Coin3D/official/coin_build/CMakeFiles/CMakeTmp'
Makefile:117: recipe for target 'cmTryCompileExec3483693168/fast' failed
make: *** [cmTryCompileExec3483693168/fast] Error 2


Determining if the include file superglu.h exists failed with the following output:
Change Dir: /home/ed/Coin3D/official/coin_build/CMakeFiles/CMakeTmp

Run Build Command:"/usr/bin/make" "cmTryCompileExec1360446108/fast"
/usr/bin/make -f CMakeFiles/cmTryCompileExec1360446108.dir/build.make CMakeFiles/cmTryCompileExec1360446108.dir/build
make[1]: Entering directory '/home/ed/Coin3D/official/coin_build/CMakeFiles/CMakeTmp'
/usr/local/bin/cmake -E cmake_progress_report /home/ed/Coin3D/official/coin_build/CMakeFiles/CMakeTmp/CMakeFiles 1
Building C object CMakeFiles/cmTryCompileExec1360446108.dir/CheckIncludeFile.c.o
/usr/bin/cc    -o CMakeFiles/cmTryCompileExec1360446108.dir/CheckIncludeFile.c.o   -c /home/ed/Coin3D/official/coin_build/CMakeFiles/CMakeTmp/CheckIncludeFile.c
/home/ed/Coin3D/official/coin_build/CMakeFiles/CMakeTmp/CheckIncludeFile.c:1:22: fatal error: superglu.h: No such file or directory
 #include <superglu.h>
                      ^
compilation terminated.
CMakeFiles/cmTryCompileExec1360446108.dir/build.make:57: recipe for target 'CMakeFiles/cmTryCompileExec1360446108.dir/CheckIncludeFile.c.o' failed
make[1]: Leaving directory '/home/ed/Coin3D/official/coin_build/CMakeFiles/CMakeTmp'
make[1]: *** [CMakeFiles/cmTryCompileExec1360446108.dir/CheckIncludeFile.c.o] Error 1
Makefile:117: recipe for target 'cmTryCompileExec1360446108/fast' failed
make: *** [cmTryCompileExec1360446108/fast] Error 2


Determining if the include file windows.h exists failed with the following output:
Change Dir: /home/ed/Coin3D/official/coin_build/CMakeFiles/CMakeTmp

Run Build Command:"/usr/bin/make" "cmTryCompileExec4254882369/fast"
/usr/bin/make -f CMakeFiles/cmTryCompileExec4254882369.dir/build.make CMakeFiles/cmTryCompileExec4254882369.dir/build
make[1]: Entering directory '/home/ed/Coin3D/official/coin_build/CMakeFiles/CMakeTmp'
/usr/local/bin/cmake -E cmake_progress_report /home/ed/Coin3D/official/coin_build/CMakeFiles/CMakeTmp/CMakeFiles 1
Building C object CMakeFiles/cmTryCompileExec4254882369.dir/CheckIncludeFile.c.o
/usr/bin/cc    -o CMakeFiles/cmTryCompileExec4254882369.dir/CheckIncludeFile.c.o   -c /home/ed/Coin3D/official/coin_build/CMakeFiles/CMakeTmp/CheckIncludeFile.c
/home/ed/Coin3D/official/coin_build/CMakeFiles/CMakeTmp/CheckIncludeFile.c:1:21: fatal error: windows.h: No such file or directory
 #include <windows.h>
                     ^
compilation terminated.
CMakeFiles/cmTryCompileExec4254882369.dir/build.make:57: recipe for target 'CMakeFiles/cmTryCompileExec4254882369.dir/CheckIncludeFile.c.o' failed
make[1]: Leaving directory '/home/ed/Coin3D/official/coin_build/CMakeFiles/CMakeTmp'
make[1]: *** [CMakeFiles/cmTryCompileExec4254882369.dir/CheckIncludeFile.c.o] Error 1
Makefile:117: recipe for target 'cmTryCompileExec4254882369/fast' failed
make: *** [cmTryCompileExec4254882369/fast] Error 2


Determining if the GetEnvironmentVariable exist failed with the following output:
Change Dir: /home/ed/Coin3D/official/coin_build/CMakeFiles/CMakeTmp

Run Build Command:"/usr/bin/make" "cmTryCompileExec362586759/fast"
/usr/bin/make -f CMakeFiles/cmTryCompileExec362586759.dir/build.make CMakeFiles/cmTryCompileExec362586759.dir/build
make[1]: Entering directory '/home/ed/Coin3D/official/coin_build/CMakeFiles/CMakeTmp'
/usr/local/bin/cmake -E cmake_progress_report /home/ed/Coin3D/official/coin_build/CMakeFiles/CMakeTmp/CMakeFiles 1
Building C object CMakeFiles/cmTryCompileExec362586759.dir/CheckSymbolExists.c.o
/usr/bin/cc    -o CMakeFiles/cmTryCompileExec362586759.dir/CheckSymbolExists.c.o   -c /home/ed/Coin3D/official/coin_build/CMakeFiles/CMakeTmp/CheckSymbolExists.c
/home/ed/Coin3D/official/coin_build/CMakeFiles/CMakeTmp/CheckSymbolExists.c:2:21: fatal error: windows.h: No such file or directory
 #include <windows.h>
                     ^
compilation terminated.
CMakeFiles/cmTryCompileExec362586759.dir/build.make:57: recipe for target 'CMakeFiles/cmTryCompileExec362586759.dir/CheckSymbolExists.c.o' failed
make[1]: *** [CMakeFiles/cmTryCompileExec362586759.dir/CheckSymbolExists.c.o] Error 1
make[1]: Leaving directory '/home/ed/Coin3D/official/coin_build/CMakeFiles/CMakeTmp'
Makefile:117: recipe for target 'cmTryCompileExec362586759/fast' failed
make: *** [cmTryCompileExec362586759/fast] Error 2

File /home/ed/Coin3D/official/coin_build/CMakeFiles/CMakeTmp/CheckSymbolExists.c:
/* */
#include <windows.h>

int main(int argc, char** argv)
{
  (void)argv;
#ifndef GetEnvironmentVariable
  return ((int*)(&GetEnvironmentVariable))[argc];
#else
  (void)argc;
  return 0;
#endif
}

Determining if the __builtin_expect exist failed with the following output:
Change Dir: /home/ed/Coin3D/official/coin_build/CMakeFiles/CMakeTmp

Run Build Command:"/usr/bin/make" "cmTryCompileExec3037071747/fast"
/usr/bin/make -f CMakeFiles/cmTryCompileExec3037071747.dir/build.make CMakeFiles/cmTryCompileExec3037071747.dir/build
make[1]: Entering directory '/home/ed/Coin3D/official/coin_build/CMakeFiles/CMakeTmp'
/usr/local/bin/cmake -E cmake_progress_report /home/ed/Coin3D/official/coin_build/CMakeFiles/CMakeTmp/CMakeFiles 1
Building C object CMakeFiles/cmTryCompileExec3037071747.dir/CheckSymbolExists.c.o
/usr/bin/cc    -o CMakeFiles/cmTryCompileExec3037071747.dir/CheckSymbolExists.c.o   -c /home/ed/Coin3D/official/coin_build/CMakeFiles/CMakeTmp/CheckSymbolExists.c
/home/ed/Coin3D/official/coin_build/CMakeFiles/CMakeTmp/CheckSymbolExists.c: In function ‘main’:
/home/ed/Coin3D/official/coin_build/CMakeFiles/CMakeTmp/CheckSymbolExists.c:8:3: error: built-in function ‘__builtin_expect’ must be directly called
   return ((int*)(&__builtin_expect))[argc];
   ^~~~~~
CMakeFiles/cmTryCompileExec3037071747.dir/build.make:57: recipe for target 'CMakeFiles/cmTryCompileExec3037071747.dir/CheckSymbolExists.c.o' failed
make[1]: Leaving directory '/home/ed/Coin3D/official/coin_build/CMakeFiles/CMakeTmp'
make[1]: *** [CMakeFiles/cmTryCompileExec3037071747.dir/CheckSymbolExists.c.o] Error 1
Makefile:117: recipe for target 'cmTryCompileExec3037071747/fast' failed
make: *** [cmTryCompileExec3037071747/fast] Error 2

File /home/ed/Coin3D/official/coin_build/CMakeFiles/CMakeTmp/CheckSymbolExists.c:
/* */
#include <assert.h>

int main(int argc, char** argv)
{
  (void)argv;
#ifndef __builtin_expect
  return ((int*)(&__builtin_expect))[argc];
#else
  (void)argc;
  return 0;
#endif
}

Determining if the ilogb exist failed with the following output:
Change Dir: /home/ed/Coin3D/official/coin_build/CMakeFiles/CMakeTmp

Run Build Command:"/usr/bin/make" "cmTryCompileExec547950298/fast"
/usr/bin/make -f CMakeFiles/cmTryCompileExec547950298.dir/build.make CMakeFiles/cmTryCompileExec547950298.dir/build
make[1]: Entering directory '/home/ed/Coin3D/official/coin_build/CMakeFiles/CMakeTmp'
/usr/local/bin/cmake -E cmake_progress_report /home/ed/Coin3D/official/coin_build/CMakeFiles/CMakeTmp/CMakeFiles 1
Building C object CMakeFiles/cmTryCompileExec547950298.dir/CheckSymbolExists.c.o
/usr/bin/cc    -o CMakeFiles/cmTryCompileExec547950298.dir/CheckSymbolExists.c.o   -c /home/ed/Coin3D/official/coin_build/CMakeFiles/CMakeTmp/CheckSymbolExists.c
Linking C executable cmTryCompileExec547950298
/usr/local/bin/cmake -E cmake_link_script CMakeFiles/cmTryCompileExec547950298.dir/link.txt --verbose=1
/usr/bin/cc       CMakeFiles/cmTryCompileExec547950298.dir/CheckSymbolExists.c.o  -o cmTryCompileExec547950298 -rdynamic 
CMakeFiles/cmTryCompileExec547950298.dir/CheckSymbolExists.c.o: In function `main':
CheckSymbolExists.c:(.text+0x1b): undefined reference to `ilogb'
collect2: error: ld returned 1 exit status
CMakeFiles/cmTryCompileExec547950298.dir/build.make:88: recipe for target 'cmTryCompileExec547950298' failed
make[1]: Leaving directory '/home/ed/Coin3D/official/coin_build/CMakeFiles/CMakeTmp'
make[1]: *** [cmTryCompileExec547950298] Error 1
Makefile:117: recipe for target 'cmTryCompileExec547950298/fast' failed
make: *** [cmTryCompileExec547950298/fast] Error 2

File /home/ed/Coin3D/official/coin_build/CMakeFiles/CMakeTmp/CheckSymbolExists.c:
/* */
#include <math.h>

int main(int argc, char** argv)
{
  (void)argv;
#ifndef ilogb
  return ((int*)(&ilogb))[argc];
#else
  (void)argc;
  return 0;
#endif
}

Determining if the LoadLibrary exist failed with the following output:
Change Dir: /home/ed/Coin3D/official/coin_build/CMakeFiles/CMakeTmp

Run Build Command:"/usr/bin/make" "cmTryCompileExec88266666/fast"
/usr/bin/make -f CMakeFiles/cmTryCompileExec88266666.dir/build.make CMakeFiles/cmTryCompileExec88266666.dir/build
make[1]: Entering directory '/home/ed/Coin3D/official/coin_build/CMakeFiles/CMakeTmp'
/usr/local/bin/cmake -E cmake_progress_report /home/ed/Coin3D/official/coin_build/CMakeFiles/CMakeTmp/CMakeFiles 1
Building C object CMakeFiles/cmTryCompileExec88266666.dir/CheckSymbolExists.c.o
/usr/bin/cc    -o CMakeFiles/cmTryCompileExec88266666.dir/CheckSymbolExists.c.o   -c /home/ed/Coin3D/official/coin_build/CMakeFiles/CMakeTmp/CheckSymbolExists.c
/home/ed/Coin3D/official/coin_build/CMakeFiles/CMakeTmp/CheckSymbolExists.c:2:21: fatal error: windows.h: No such file or directory
 #include <windows.h>
                     ^
compilation terminated.
CMakeFiles/cmTryCompileExec88266666.dir/build.make:57: recipe for target 'CMakeFiles/cmTryCompileExec88266666.dir/CheckSymbolExists.c.o' failed
make[1]: Leaving directory '/home/ed/Coin3D/official/coin_build/CMakeFiles/CMakeTmp'
make[1]: *** [CMakeFiles/cmTryCompileExec88266666.dir/CheckSymbolExists.c.o] Error 1
Makefile:117: recipe for target 'cmTryCompileExec88266666/fast' failed
make: *** [cmTryCompileExec88266666/fast] Error 2

File /home/ed/Coin3D/official/coin_build/CMakeFiles/CMakeTmp/CheckSymbolExists.c:
/* */
#include <windows.h>

int main(int argc, char** argv)
{
  (void)argv;
#ifndef LoadLibrary
  return ((int*)(&LoadLibrary))[argc];
#else
  (void)argc;
  return 0;
#endif
}

Determining if the CGL_VERSION_1_0 exist failed with the following output:
Change Dir: /home/ed/Coin3D/official/coin_build/CMakeFiles/CMakeTmp

Run Build Command:"/usr/bin/make" "cmTryCompileExec2956408913/fast"
/usr/bin/make -f CMakeFiles/cmTryCompileExec2956408913.dir/build.make CMakeFiles/cmTryCompileExec2956408913.dir/build
make[1]: Entering directory '/home/ed/Coin3D/official/coin_build/CMakeFiles/CMakeTmp'
/usr/local/bin/cmake -E cmake_progress_report /home/ed/Coin3D/official/coin_build/CMakeFiles/CMakeTmp/CMakeFiles 1
Building C object CMakeFiles/cmTryCompileExec2956408913.dir/CheckSymbolExists.c.o
/usr/bin/cc    -o CMakeFiles/cmTryCompileExec2956408913.dir/CheckSymbolExists.c.o   -c /home/ed/Coin3D/official/coin_build/CMakeFiles/CMakeTmp/CheckSymbolExists.c
/home/ed/Coin3D/official/coin_build/CMakeFiles/CMakeTmp/CheckSymbolExists.c:2:27: fatal error: OpenGL/OpenGL.h: No such file or directory
 #include <OpenGL/OpenGL.h>
                           ^
compilation terminated.
CMakeFiles/cmTryCompileExec2956408913.dir/build.make:57: recipe for target 'CMakeFiles/cmTryCompileExec2956408913.dir/CheckSymbolExists.c.o' failed
make[1]: *** [CMakeFiles/cmTryCompileExec2956408913.dir/CheckSymbolExists.c.o] Error 1
make[1]: Leaving directory '/home/ed/Coin3D/official/coin_build/CMakeFiles/CMakeTmp'
Makefile:117: recipe for target 'cmTryCompileExec2956408913/fast' failed
make: *** [cmTryCompileExec2956408913/fast] Error 2

File /home/ed/Coin3D/official/coin_build/CMakeFiles/CMakeTmp/CheckSymbolExists.c:
/* */
#include <OpenGL/OpenGL.h>

int main(int argc, char** argv)
{
  (void)argv;
#ifndef CGL_VERSION_1_0
  return ((int*)(&CGL_VERSION_1_0))[argc];
#else
  (void)argc;
  return 0;
#endif
}

